The system is: Windows - 10.0.17134 - AMD64
Compiling the C compiler identification source file "CMakeCCompilerId.c" succeeded.
Compiler: C:/Program Files (x86)/Microsoft Visual Studio/2017/Professional/VC/Tools/MSVC/14.16.27023/bin/Hostx86/x86/cl.exe 
Build flags: 
Id flags:  

The output was:
0
Microsoft (R) Kompilator optymalizuj¥cy C/C++, wersja 19.16.27027.1 dla architektury x86
Copyright (C) Microsoft Corporation. Wszystkie prawa zastrze¾one.

CMakeCCompilerId.c
Microsoft (R) Incremental Linker Version 14.16.27027.1
Copyright (C) Microsoft Corporation.  All rights reserved.

/out:CMakeCCompilerId.exe 
CMakeCCompilerId.obj 


Compilation of the C compiler identification source "CMakeCCompilerId.c" produced "CMakeCCompilerId.exe"

Compilation of the C compiler identification source "CMakeCCompilerId.c" produced "CMakeCCompilerId.obj"

The C compiler identification is MSVC, found in "C:/Users/sebastian/Desktop/git/PI/Dziekanat/cmake-build-debug/CMakeFiles/3.13.2/CompilerIdC/CMakeCCompilerId.exe"

Determining if the C compiler works passed with the following output:
Change Dir: C:/Users/sebastian/Desktop/git/PI/Dziekanat/cmake-build-debug/CMakeFiles/CMakeTmp

Run Build Command:"nmake" "/nologo" "cmTC_a5c22\fast"
	"C:\Program Files (x86)\Microsoft Visual Studio\2017\Professional\VC\Tools\MSVC\14.16.27023\bin\HostX86\x86\nmake.exe" -f CMakeFiles\cmTC_a5c22.dir\build.make /nologo -L                  CMakeFiles\cmTC_a5c22.dir\build
Building C object CMakeFiles/cmTC_a5c22.dir/testCCompiler.c.obj
	C:\PROGRA~2\MICROS~1\2017\PROFES~1\VC\Tools\MSVC\1416~1.270\bin\Hostx86\x86\cl.exe @C:\Users\SEBAST~1\AppData\Local\Temp\nm4122.tmp
testCCompiler.c
Linking C executable cmTC_a5c22.exe
	"C:\Program Files\JetBrains\CLion 2018.3.4\bin\cmake\win\bin\cmake.exe" -E vs_link_exe --intdir=CMakeFiles\cmTC_a5c22.dir --manifests  -- C:\PROGRA~2\MICROS~1\2017\PROFES~1\VC\Tools\MSVC\1416~1.270\bin\Hostx86\x86\link.exe /nologo @CMakeFiles\cmTC_a5c22.dir\objects1.rsp @C:\Users\SEBAST~1\AppData\Local\Temp\nm42B9.tmp


Detecting C compiler ABI info compiled with the following output:
Change Dir: C:/Users/sebastian/Desktop/git/PI/Dziekanat/cmake-build-debug/CMakeFiles/CMakeTmp

Run Build Command:"nmake" "/nologo" "cmTC_d6a6b\fast"
	"C:\Program Files (x86)\Microsoft Visual Studio\2017\Professional\VC\Tools\MSVC\14.16.27023\bin\HostX86\x86\nmake.exe" -f CMakeFiles\cmTC_d6a6b.dir\build.make /nologo -L                  CMakeFiles\cmTC_d6a6b.dir\build
Building C object CMakeFiles/cmTC_d6a6b.dir/CMakeCCompilerABI.c.obj
	C:\PROGRA~2\MICROS~1\2017\PROFES~1\VC\Tools\MSVC\1416~1.270\bin\Hostx86\x86\cl.exe @C:\Users\SEBAST~1\AppData\Local\Temp\nm46C0.tmp
CMakeCCompilerABI.c
Linking C executable cmTC_d6a6b.exe
	"C:\Program Files\JetBrains\CLion 2018.3.4\bin\cmake\win\bin\cmake.exe" -E vs_link_exe --intdir=CMakeFiles\cmTC_d6a6b.dir --manifests  -- C:\PROGRA~2\MICROS~1\2017\PROFES~1\VC\Tools\MSVC\1416~1.270\bin\Hostx86\x86\link.exe /nologo @CMakeFiles\cmTC_d6a6b.dir\objects1.rsp @C:\Users\SEBAST~1\AppData\Local\Temp\nm476C.tmp




Detecting C [] compiler features compiled with the following output:
Change Dir: C:/Users/sebastian/Desktop/git/PI/Dziekanat/cmake-build-debug/CMakeFiles/CMakeTmp

Run Build Command:"nmake" "/nologo" "cmTC_3e7d0\fast"
	"C:\Program Files (x86)\Microsoft Visual Studio\2017\Professional\VC\Tools\MSVC\14.16.27023\bin\HostX86\x86\nmake.exe" -f CMakeFiles\cmTC_3e7d0.dir\build.make /nologo -L                  CMakeFiles\cmTC_3e7d0.dir\build
Building C object CMakeFiles/cmTC_3e7d0.dir/feature_tests.c.obj
	C:\PROGRA~2\MICROS~1\2017\PROFES~1\VC\Tools\MSVC\1416~1.270\bin\Hostx86\x86\cl.exe @C:\Users\SEBAST~1\AppData\Local\Temp\nm4BA2.tmp
feature_tests.c
Linking C executable cmTC_3e7d0.exe
	"C:\Program Files\JetBrains\CLion 2018.3.4\bin\cmake\win\bin\cmake.exe" -E vs_link_exe --intdir=CMakeFiles\cmTC_3e7d0.dir --manifests  -- C:\PROGRA~2\MICROS~1\2017\PROFES~1\VC\Tools\MSVC\1416~1.270\bin\Hostx86\x86\link.exe /nologo @CMakeFiles\cmTC_3e7d0.dir\objects1.rsp @C:\Users\SEBAST~1\AppData\Local\Temp\nm4C6E.tmp


    Feature record: C_FEATURE:1c_function_prototypes
    Feature record: C_FEATURE:1c_variadic_macros
