The system is: Windows - 10.0.17134 - AMD64
Compiling the C compiler identification source file "CMakeCCompilerId.c" succeeded.
Compiler: C:/Program Files (x86)/Microsoft Visual Studio/2017/Professional/VC/Tools/MSVC/14.16.27023/bin/Hostx86/x86/cl.exe 
Build flags: 
Id flags:  

The output was:
0
Microsoft (R) Kompilator optymalizuj¥cy C/C++, wersja 19.16.27027.1 dla architektury x86
Copyright (C) Microsoft Corporation. Wszystkie prawa zastrze¾one.

CMakeCCompilerId.c
Microsoft (R) Incremental Linker Version 14.16.27027.1
Copyright (C) Microsoft Corporation.  All rights reserved.

/out:CMakeCCompilerId.exe 
CMakeCCompilerId.obj 


Compilation of the C compiler identification source "CMakeCCompilerId.c" produced "CMakeCCompilerId.exe"

Compilation of the C compiler identification source "CMakeCCompilerId.c" produced "CMakeCCompilerId.obj"

The C compiler identification is MSVC, found in "C:/Users/sebastian/Desktop/git/PI/gra/cmake-build-debug/CMakeFiles/3.13.2/CompilerIdC/CMakeCCompilerId.exe"

Determining if the C compiler works passed with the following output:
Change Dir: C:/Users/sebastian/Desktop/git/PI/gra/cmake-build-debug/CMakeFiles/CMakeTmp

Run Build Command:"nmake" "/nologo" "cmTC_17f51\fast"
	"C:\Program Files (x86)\Microsoft Visual Studio\2017\Professional\VC\Tools\MSVC\14.16.27023\bin\HostX86\x86\nmake.exe" -f CMakeFiles\cmTC_17f51.dir\build.make /nologo -L                  CMakeFiles\cmTC_17f51.dir\build
Building C object CMakeFiles/cmTC_17f51.dir/testCCompiler.c.obj
	C:\PROGRA~2\MICROS~1\2017\PROFES~1\VC\Tools\MSVC\1416~1.270\bin\Hostx86\x86\cl.exe @C:\Users\SEBAST~1\AppData\Local\Temp\nm6972.tmp
testCCompiler.c
Linking C executable cmTC_17f51.exe
	"C:\Program Files\JetBrains\CLion 2018.3.4\bin\cmake\win\bin\cmake.exe" -E vs_link_exe --intdir=CMakeFiles\cmTC_17f51.dir --manifests  -- C:\PROGRA~2\MICROS~1\2017\PROFES~1\VC\Tools\MSVC\1416~1.270\bin\Hostx86\x86\link.exe /nologo @CMakeFiles\cmTC_17f51.dir\objects1.rsp @C:\Users\SEBAST~1\AppData\Local\Temp\nm6A5D.tmp


Detecting C compiler ABI info compiled with the following output:
Change Dir: C:/Users/sebastian/Desktop/git/PI/gra/cmake-build-debug/CMakeFiles/CMakeTmp

Run Build Command:"nmake" "/nologo" "cmTC_72fc2\fast"
	"C:\Program Files (x86)\Microsoft Visual Studio\2017\Professional\VC\Tools\MSVC\14.16.27023\bin\HostX86\x86\nmake.exe" -f CMakeFiles\cmTC_72fc2.dir\build.make /nologo -L                  CMakeFiles\cmTC_72fc2.dir\build
Building C object CMakeFiles/cmTC_72fc2.dir/CMakeCCompilerABI.c.obj
	C:\PROGRA~2\MICROS~1\2017\PROFES~1\VC\Tools\MSVC\1416~1.270\bin\Hostx86\x86\cl.exe @C:\Users\SEBAST~1\AppData\Local\Temp\nm6DB7.tmp
CMakeCCompilerABI.c
Linking C executable cmTC_72fc2.exe
	"C:\Program Files\JetBrains\CLion 2018.3.4\bin\cmake\win\bin\cmake.exe" -E vs_link_exe --intdir=CMakeFiles\cmTC_72fc2.dir --manifests  -- C:\PROGRA~2\MICROS~1\2017\PROFES~1\VC\Tools\MSVC\1416~1.270\bin\Hostx86\x86\link.exe /nologo @CMakeFiles\cmTC_72fc2.dir\objects1.rsp @C:\Users\SEBAST~1\AppData\Local\Temp\nm6E35.tmp




Detecting C [] compiler features compiled with the following output:
Change Dir: C:/Users/sebastian/Desktop/git/PI/gra/cmake-build-debug/CMakeFiles/CMakeTmp

Run Build Command:"nmake" "/nologo" "cmTC_42bba\fast"
	"C:\Program Files (x86)\Microsoft Visual Studio\2017\Professional\VC\Tools\MSVC\14.16.27023\bin\HostX86\x86\nmake.exe" -f CMakeFiles\cmTC_42bba.dir\build.make /nologo -L                  CMakeFiles\cmTC_42bba.dir\build
Building C object CMakeFiles/cmTC_42bba.dir/feature_tests.c.obj
	C:\PROGRA~2\MICROS~1\2017\PROFES~1\VC\Tools\MSVC\1416~1.270\bin\Hostx86\x86\cl.exe @C:\Users\SEBAST~1\AppData\Local\Temp\nm71FD.tmp
feature_tests.c
Linking C executable cmTC_42bba.exe
	"C:\Program Files\JetBrains\CLion 2018.3.4\bin\cmake\win\bin\cmake.exe" -E vs_link_exe --intdir=CMakeFiles\cmTC_42bba.dir --manifests  -- C:\PROGRA~2\MICROS~1\2017\PROFES~1\VC\Tools\MSVC\1416~1.270\bin\Hostx86\x86\link.exe /nologo @CMakeFiles\cmTC_42bba.dir\objects1.rsp @C:\Users\SEBAST~1\AppData\Local\Temp\nm727B.tmp


    Feature record: C_FEATURE:1c_function_prototypes
    Feature record: C_FEATURE:1c_variadic_macros
